#
# There is insufficient memory for the Java Runtime Environment to continue.
# Native memory allocation (malloc) failed to allocate 298720 bytes for Chunk::new
# Possible reasons:
#   The system is out of physical RAM or swap space
#   In 32 bit mode, the process size limit was hit
# Possible solutions:
#   Reduce memory load on the system
#   Increase physical memory or swap space
#   Check if swap backing store is full
#   Use 64 bit Java on a 64 bit OS
#   Decrease Java heap size (-Xmx/-Xms)
#   Decrease number of Java threads
#   Decrease Java thread stack sizes (-Xss)
#   Set larger code cache with -XX:ReservedCodeCacheSize=
# This output file may be truncated or incomplete.
#
#  Out of Memory Error (allocation.cpp:390), pid=8832, tid=1792
#
# JRE version: Java(TM) SE Runtime Environment (8.0_51-b16) (build 1.8.0_51-b16)
# Java VM: Java HotSpot(TM) 64-Bit Server VM (25.51-b03 mixed mode windows-amd64 compressed oops)
# Failed to write core dump. Minidumps are not enabled by default on client versions of Windows
#

---------------  T H R E A D  ---------------

Current thread (0x00000000150cf000):  JavaThread "C2 CompilerThread0" daemon [_thread_in_native, id=1792, stack(0x0000000016620000,0x0000000016720000)]

Stack: [0x0000000016620000,0x0000000016720000]
Native frames: (J=compiled Java code, j=interpreted, Vv=VM code, C=native code)
V  [jvm.dll+0x32b4ca]
V  [jvm.dll+0x2797e3]
V  [jvm.dll+0x27a479]
V  [jvm.dll+0x271765]
V  [jvm.dll+0xcba02]
V  [jvm.dll+0xcbecc]
V  [jvm.dll+0x492ad7]
V  [jvm.dll+0x45f98a]
V  [jvm.dll+0x46a7cb]
V  [jvm.dll+0x46cde2]
V  [jvm.dll+0x4501a2]
V  [jvm.dll+0xa43a2]
V  [jvm.dll+0xa4cdf]
V  [jvm.dll+0x2418a4]
V  [jvm.dll+0x29846a]
C  [msvcr100.dll+0x21d9f]
C  [msvcr100.dll+0x21e3b]
C  [KERNEL32.DLL+0x8364]
C  [ntdll.dll+0x65e91]


Current CompileTask:
C2:   1128 1379       4       com.android.dx.ssa.DeadCodeRemover::isCircularNoSideEffect (140 bytes)


---------------  P R O C E S S  ---------------

Java Threads: ( => current thread )
  0x0000000016a7c000 JavaThread "pool-2-thread-3" [_thread_in_Java, id=1288, stack(0x0000000017220000,0x0000000017320000)]
  0x00000000169a6800 JavaThread "pool-2-thread-2" [_thread_in_Java, id=9544, stack(0x0000000017120000,0x0000000017220000)]
  0x000000001699d000 JavaThread "pool-3-thread-1" [_thread_blocked, id=3736, stack(0x0000000017020000,0x0000000017120000)]
  0x000000001683e800 JavaThread "Service Thread" daemon [_thread_blocked, id=8488, stack(0x0000000016d20000,0x0000000016e20000)]
  0x0000000016833800 JavaThread "C1 CompilerThread2" daemon [_thread_blocked, id=1072, stack(0x0000000016c20000,0x0000000016d20000)]
  0x00000000150d2800 JavaThread "C2 CompilerThread1" daemon [_thread_in_native, id=9816, stack(0x0000000016720000,0x0000000016820000)]
=>0x00000000150cf000 JavaThread "C2 CompilerThread0" daemon [_thread_in_native, id=1792, stack(0x0000000016620000,0x0000000016720000)]
  0x00000000150cd000 JavaThread "Attach Listener" daemon [_thread_blocked, id=6432, stack(0x0000000016520000,0x0000000016620000)]
  0x00000000150cc000 JavaThread "Signal Dispatcher" daemon [_thread_blocked, id=10100, stack(0x0000000016420000,0x0000000016520000)]
  0x00000000029f2000 JavaThread "Finalizer" daemon [_thread_blocked, id=3976, stack(0x0000000016320000,0x0000000016420000)]
  0x00000000029ef000 JavaThread "Reference Handler" daemon [_thread_blocked, id=2712, stack(0x0000000016220000,0x0000000016320000)]
  0x00000000026de000 JavaThread "main" [_thread_blocked, id=8620, stack(0x0000000002700000,0x0000000002800000)]

Other Threads:
  0x0000000015097000 VMThread [stack: 0x0000000016120000,0x0000000016220000] [id=4388]
  0x000000001683f000 WatcherThread [stack: 0x0000000016e20000,0x0000000016f20000] [id=9632]

VM state:not at safepoint (normal execution)

VM Mutex/Monitor currently owned by a thread: None

Heap:
 PSYoungGen      total 38400K, used 18594K [0x00000000eab00000, 0x00000000ed580000, 0x0000000100000000)
  eden space 33280K, 40% used [0x00000000eab00000,0x00000000eb829f78,0x00000000ecb80000)
  from space 5120K, 99% used [0x00000000ecb80000,0x00000000ed07eac8,0x00000000ed080000)
  to   space 5120K, 0% used [0x00000000ed080000,0x00000000ed080000,0x00000000ed580000)
 ParOldGen       total 87552K, used 1736K [0x00000000c0000000, 0x00000000c5580000, 0x00000000eab00000)
  object space 87552K, 1% used [0x00000000c0000000,0x00000000c01b2288,0x00000000c5580000)
 Metaspace       used 6027K, capacity 7024K, committed 7296K, reserved 1056768K
  class space    used 594K, capacity 616K, committed 640K, reserved 1048576K

Card table byte_map: [0x0000000011dc0000,0x0000000011fd0000] byte_map_base: 0x00000000117c0000

Marking Bits: (ParMarkBitMap*) 0x000000005aa64040
 Begin Bits: [0x0000000012530000, 0x0000000013530000)
 End Bits:   [0x0000000013530000, 0x0000000014530000)

Polling page: 0x0000000000cc0000

CodeCache: size=245760Kb used=5538Kb max_used=5554Kb free=240221Kb
 bounds [0x0000000002a00000, 0x0000000002f80000, 0x0000000011a00000]
 total_blobs=1651 nmethods=1382 adapters=182
 compilation: enabled

Compilation events (10 events):
Event: 1.047 Thread 0x0000000016833800 nmethod 1376 0x0000000002f4f5d0 code [0x0000000002f4f760, 0x0000000002f4fbb8]
Event: 1.047 Thread 0x00000000150d2800 1378       4       com.android.dx.cf.code.BaseMachine::getLocalTarget (151 bytes)
Event: 1.052 Thread 0x00000000150cf000 nmethod 1377 0x0000000002f67690 code [0x0000000002f67820, 0x0000000002f67fb8]
Event: 1.052 Thread 0x00000000150cf000 1379       4       com.android.dx.ssa.DeadCodeRemover::isCircularNoSideEffect (140 bytes)
Event: 1.054 Thread 0x00000000150d2800 nmethod 1378 0x0000000002f68a50 code [0x0000000002f68c40, 0x0000000002f69590]
Event: 1.076 Thread 0x00000000150d2800 1380       4       com.android.dx.ssa.Dominators$DfsWalker::visitBlock (59 bytes)
Event: 1.082 Thread 0x00000000150d2800 nmethod 1380 0x0000000002f4ea50 code [0x0000000002f4ebc0, 0x0000000002f4f138]
Event: 1.083 Thread 0x00000000150d2800 1381       4       com.android.dx.ssa.SsaRenamer$BlockRenamer::<init> (72 bytes)
Event: 1.086 Thread 0x00000000150d2800 nmethod 1381 0x0000000002f58550 code [0x0000000002f586c0, 0x0000000002f58a58]
Event: 1.086 Thread 0x00000000150d2800 1382       4       com.android.dx.ssa.SsaRenamer$BlockRenamer::process (191 bytes)

GC Heap History (2 events):
Event: 0.886 GC heap before
{Heap before GC invocations=1 (full 0):
 PSYoungGen      total 38400K, used 33280K [0x00000000eab00000, 0x00000000ed580000, 0x0000000100000000)
  eden space 33280K, 100% used [0x00000000eab00000,0x00000000ecb80000,0x00000000ecb80000)
  from space 5120K, 0% used [0x00000000ed080000,0x00000000ed080000,0x00000000ed580000)
  to   space 5120K, 0% used [0x00000000ecb80000,0x00000000ecb80000,0x00000000ed080000)
 ParOldGen       total 87552K, used 0K [0x00000000c0000000, 0x00000000c5580000, 0x00000000eab00000)
  object space 87552K, 0% used [0x00000000c0000000,0x00000000c0000000,0x00000000c5580000)
 Metaspace       used 5923K, capacity 6896K, committed 7040K, reserved 1056768K
  class space    used 591K, capacity 616K, committed 640K, reserved 1048576K
Event: 0.892 GC heap after
Heap after GC invocations=1 (full 0):
 PSYoungGen      total 38400K, used 5114K [0x00000000eab00000, 0x00000000ed580000, 0x0000000100000000)
  eden space 33280K, 0% used [0x00000000eab00000,0x00000000eab00000,0x00000000ecb80000)
  from space 5120K, 99% used [0x00000000ecb80000,0x00000000ed07eac8,0x00000000ed080000)
  to   space 5120K, 0% used [0x00000000ed080000,0x00000000ed080000,0x00000000ed580000)
 ParOldGen       total 87552K, used 1736K [0x00000000c0000000, 0x00000000c5580000, 0x00000000eab00000)
  object space 87552K, 1% used [0x00000000c0000000,0x00000000c01b2288,0x00000000c5580000)
 Metaspace       used 5923K, capacity 6896K, committed 7040K, reserved 1056768K
  class space    used 591K, capacity 616K, committed 640K, reserved 1048576K
}

Deoptimization events (8 events):
Event: 0.531 Thread 0x00000000026de000 Uncommon trap: reason=unstable_if action=reinterpret pc=0x0000000002c49df0 method=java.util.BitSet.nextSetBit(I)I @ 87
Event: 0.546 Thread 0x000000001699c000 Uncommon trap: reason=class_check action=maybe_recompile pc=0x0000000002c52270 method=com.android.dx.ssa.NormalSsaInsn.accept(Lcom/android/dx/ssa/SsaInsn$Visitor;)V @ 9
Event: 0.701 Thread 0x0000000016a7c000 Uncommon trap: reason=null_check action=make_not_entrant pc=0x0000000002d008e4 method=com.android.dx.ssa.SsaRenamer.getLocalForNewReg(I)Lcom/android/dx/rop/code/LocalItem; @ 19
Event: 0.712 Thread 0x0000000016a7c000 Uncommon trap: reason=class_check action=maybe_recompile pc=0x0000000002c52270 method=com.android.dx.ssa.NormalSsaInsn.accept(Lcom/android/dx/ssa/SsaInsn$Visitor;)V @ 9
Event: 0.712 Thread 0x0000000016a7c000 Uncommon trap: reason=class_check action=maybe_recompile pc=0x0000000002c52270 method=com.android.dx.ssa.NormalSsaInsn.accept(Lcom/android/dx/ssa/SsaInsn$Visitor;)V @ 9
Event: 0.712 Thread 0x0000000016a7c000 Uncommon trap: reason=class_check action=maybe_recompile pc=0x0000000002c52270 method=com.android.dx.ssa.NormalSsaInsn.accept(Lcom/android/dx/ssa/SsaInsn$Visitor;)V @ 9
Event: 0.735 Thread 0x0000000016a7c800 Uncommon trap: reason=unstable_if action=reinterpret pc=0x0000000002deaf9c method=com.android.dx.rop.cst.Constant.compareTo(Lcom/android/dx/rop/cst/Constant;)I @ 12
Event: 0.861 Thread 0x000000001699c000 Uncommon trap: reason=bimorphic action=maybe_recompile pc=0x0000000002c890c8 method=java.util.HashMap.getNode(ILjava/lang/Object;)Ljava/util/HashMap$Node; @ 126

Internal exceptions (3 events):
Event: 0.061 Thread 0x00000000026de000 Exception <a 'java/lang/NoSuchMethodError': Method sun.misc.Unsafe.defineClass(Ljava/lang/String;[BII)Ljava/lang/Class; name or signature does not match> (0x00000000eab0da28) thrown at [C:\re\workspace\8-2-build-windows-amd64-cygwin\jdk8u51\3951\hotspot\sr-‡dçÂ}Ø?
Event: 0.062 Thread 0x00000000026de000 Exception <a 'java/lang/NoSuchMethodError': Method sun.misc.Unsafe.prefetchRead(Ljava/lang/Object;J)V name or signature does not match> (0x00000000eab0dcb8) thrown at [C:\re\workspace\8-2-build-windows-amd64-cygwin\jdk8u51\3951\hotspot\src\share\vm\prims\jàìº2 kÊ?
Event: 0.701 Thread 0x0000000016a7c000 Implicit null exception at 0x0000000002cfdc09 to 0x0000000002d008a1

Events (10 events):
Event: 0.908 Thread 0x000000001699c000 DEOPT PACKING pc=0x0000000002cf9965 sp=0x000000001701eb10
Event: 0.908 Thread 0x000000001699c000 DEOPT UNPACKING pc=0x0000000002a4787f sp=0x000000001701e8f0 mode 0
Event: 0.928 loading class com/android/dx/cf/code/BytecodeArray$ConstantParserVisitor
Event: 0.928 loading class com/android/dx/cf/code/BytecodeArray$ConstantParserVisitor done
Event: 0.958 loading class java/util/HashMap$KeySet
Event: 0.958 loading class java/util/HashMap$KeySet done
Event: 0.958 loading class java/util/HashMap$KeyIterator
Event: 0.958 loading class java/util/HashMap$KeyIterator done
Event: 0.975 Thread 0x0000000016a7c800 Thread exited: 0x0000000016a7c800
Event: 1.047 Thread 0x000000001699c000 Thread exited: 0x000000001699c000


Dynamic libraries:
0x00007ff701a10000 - 0x00007ff701a47000 	C:\Program Files\Java\jdk1.8.0_51\bin\java.exe
0x00007ff94fc50000 - 0x00007ff94fe21000 	C:\WINDOWS\SYSTEM32\ntdll.dll
0x00007ff94db80000 - 0x00007ff94dc2b000 	C:\WINDOWS\System32\KERNEL32.DLL
0x00007ff94c4d0000 - 0x00007ff94c6ed000 	C:\WINDOWS\System32\KERNELBASE.dll
0x00007ff94a420000 - 0x00007ff94a49a000 	C:\WINDOWS\system32\apphelp.dll
0x00007ff94f680000 - 0x00007ff94f722000 	C:\WINDOWS\System32\ADVAPI32.dll
0x00007ff94da00000 - 0x00007ff94da9e000 	C:\WINDOWS\System32\msvcrt.dll
0x00007ff94fbf0000 - 0x00007ff94fc49000 	C:\WINDOWS\System32\sechost.dll
0x00007ff94d3c0000 - 0x00007ff94d4e1000 	C:\WINDOWS\System32\RPCRT4.dll
0x00007ff94d250000 - 0x00007ff94d3b5000 	C:\WINDOWS\System32\USER32.dll
0x00007ff94c2e0000 - 0x00007ff94c2fe000 	C:\WINDOWS\System32\win32u.dll
0x00007ff94daa0000 - 0x00007ff94dad4000 	C:\WINDOWS\System32\GDI32.dll
0x00007ff94c6f0000 - 0x00007ff94c872000 	C:\WINDOWS\System32\gdi32full.dll
0x00007ff944060000 - 0x00007ff9442d9000 	C:\WINDOWS\WinSxS\amd64_microsoft.windows.common-controls_6595b64144ccf1df_6.0.14393.0_none_2d0f50fcbdb171b8\COMCTL32.dll
0x00007ff94d4f0000 - 0x00007ff94d7b7000 	C:\WINDOWS\System32\combase.dll
0x00007ff94c1e0000 - 0x00007ff94c2d5000 	C:\WINDOWS\System32\ucrtbase.dll
0x00007ff94c9e0000 - 0x00007ff94ca4a000 	C:\WINDOWS\System32\bcryptPrimitives.dll
0x00007ff94dae0000 - 0x00007ff94db0e000 	C:\WINDOWS\System32\IMM32.DLL
0x000000005aaf0000 - 0x000000005abc2000 	C:\Program Files\Java\jdk1.8.0_51\jre\bin\msvcr100.dll
0x000000005a260000 - 0x000000005aae3000 	C:\Program Files\Java\jdk1.8.0_51\jre\bin\server\jvm.dll
0x00007ff94f240000 - 0x00007ff94f248000 	C:\WINDOWS\System32\PSAPI.DLL
0x00007ff9376d0000 - 0x00007ff9376d9000 	C:\WINDOWS\SYSTEM32\WSOCK32.dll
0x00007ff94db10000 - 0x00007ff94db7a000 	C:\WINDOWS\System32\WS2_32.dll
0x00007ff94a1d0000 - 0x00007ff94a1f3000 	C:\WINDOWS\SYSTEM32\WINMM.dll
0x00007ff947cf0000 - 0x00007ff947cfa000 	C:\WINDOWS\SYSTEM32\VERSION.dll
0x00007ff94a150000 - 0x00007ff94a17b000 	C:\WINDOWS\SYSTEM32\WINMMBASE.dll
0x00007ff94c8e0000 - 0x00007ff94c922000 	C:\WINDOWS\System32\cfgmgr32.dll
0x000000005a250000 - 0x000000005a25f000 	C:\Program Files\Java\jdk1.8.0_51\jre\bin\verify.dll
0x000000005a220000 - 0x000000005a249000 	C:\Program Files\Java\jdk1.8.0_51\jre\bin\java.dll
0x000000005a200000 - 0x000000005a216000 	C:\Program Files\Java\jdk1.8.0_51\jre\bin\zip.dll
0x00007ff94dc30000 - 0x00007ff94f138000 	C:\WINDOWS\System32\SHELL32.dll
0x00007ff94ca50000 - 0x00007ff94d12a000 	C:\WINDOWS\System32\windows.storage.dll
0x00007ff94c0c0000 - 0x00007ff94c10c000 	C:\WINDOWS\System32\powrprof.dll
0x00007ff94f9a0000 - 0x00007ff94f9f2000 	C:\WINDOWS\System32\shlwapi.dll
0x00007ff94c130000 - 0x00007ff94c13f000 	C:\WINDOWS\System32\kernel.appcore.dll
0x00007ff94c930000 - 0x00007ff94c9d9000 	C:\WINDOWS\System32\shcore.dll
0x00007ff94c110000 - 0x00007ff94c124000 	C:\WINDOWS\System32\profapi.dll
0x00007ff946090000 - 0x00007ff946222000 	C:\WINDOWS\SYSTEM32\dbghelp.dll

VM Arguments:
jvm_args: -Djava.awt.headless=true -Xmx1024M -Dfile.encoding=windows-1252 -Duser.country=DE -Duser.language=de -Duser.variant 
java_command: com.android.dx.command.Main --dex --force-jumbo --num-threads=4 --multi-dex --output C:\Users\shass\AndroidStudioProjects\SiRe-SimpleReader\app\build\intermediates\transforms\dex\debug\folders\1000\10\com.android.support-support-core-utils-24.2.0_b8dc12bb87dd9748db2f0464d5011ef5b4712790 C:\Users\shass\AndroidStudioProjects\SiRe-SimpleReader\app\build\intermediates\exploded-aar\com.android.support\support-core-utils\24.2.0\jars\classes.jar
java_class_path (initial): E:\Android\sdk\build-tools\23.0.2\lib\dx.jar
Launcher Type: SUN_STANDARD

Environment Variables:
PATH=C:\ProgramData\Oracle\Java\javapath;C:\WINDOWS\system32;C:\WINDOWS;C:\WINDOWS\System32\Wbem;C:\WINDOWS\System32\WindowsPowerShell\v1.0\;C:\Program Files (x86)\AMD\ATI.ACE\Core-Static;C:\Program Files (x86)\ATI Technologies\ATI.ACE\Core-Static;C:\Program Files\Microsoft SQL Server\120\Tools\Binn\;F:\Program Files\nodejs\;C:\Program Files\Microsoft SQL Server\Client SDK\ODBC\110\Tools\Binn\;C:\Program Files (x86)\Microsoft SQL Server\120\Tools\Binn\ManagementStudio\;C:\Program Files (x86)\Microsoft SQL Server\120\Tools\Binn\;C:\Program Files (x86)\Microsoft SQL Server\120\DTS\Binn\;C:\Program Files\Microsoft SQL Server\120\DTS\Binn\;C:\Program Files\Microsoft\Web Platform Installer\;C:\Program Files (x86)\GtkSharp\2.12\bin;C:\Program Files (x86)\Microsoft Emulator Manager\1.0\;C:\Program Files\Microsoft SQL Server\130\Tools\Binn\;C:\Program Files\dotnet\;C:\Program Files (x86)\Microsoft SQL Server\110\DTS\Binn\;C:\Program Files (x86)\Microsoft SQL Server\130\DTS\Binn\;C:\Program Files\OpenVPN\bin;C:\Program Files (x86)\PuTTY\;C:\Users\shass\AppData\Local\Programs\Python\Python35-32\Scripts\;C:\Users\shass\AppData\Local\Programs\Python\Python35-32\;C:\Program Files (x86)\Nmap;C:\Users\shass\AppData\Roaming\npm;C:\Users\shass\AppData\Local\Microsoft\WindowsApps
USERNAME=shass
OS=Windows_NT
PROCESSOR_IDENTIFIER=Intel64 Family 6 Model 58 Stepping 9, GenuineIntel



---------------  S Y S T E M  ---------------

OS: Windows 10.0 , 64 bit Build 14393 (10.0.14393.0)

CPU:total 4 (4 cores per cpu, 1 threads per core) family 6 model 58 stepping 9, cmov, cx8, fxsr, mmx, sse, sse2, sse3, ssse3, sse4.1, sse4.2, popcnt, avx, aes, clmul, erms, tsc, tscinvbit, tscinv

Memory: 4k page, physical 8273484k(1306080k free), swap 11694804k(5120k free)

vm_info: Java HotSpot(TM) 64-Bit Server VM (25.51-b03) for windows-amd64 JRE (1.8.0_51-b16), built on Jun  8 2015 18:03:07 by "java_re" with MS VC++ 10.0 (VS2010)

time: Tue Sep 27 18:24:29 2016
elapsed time: 1 seconds (0d 0h 0m 1s)

